13:48:59.226 [main] INFO  - Goto my account-->Click on Login.. 
13:48:59.904 [main] INFO  - Entering email and password.. 
13:49:00.898 [main] INFO  - clicked on login button...
13:49:17.116 [main] INFO  - Goto my account-->Click on Login.. 
13:49:17.833 [main] INFO  - Entering email and password.. 
13:49:18.732 [main] INFO  - clicked on login button...
14:37:58.865 [main] INFO  - Goto my account-->Click on Login.. 
14:38:05.997 [main] INFO  - Goto my account-->Click on Login.. 
14:38:11.670 [main] INFO  - Goto my account-->Click on Login.. 
14:38:18.283 [main] INFO  - Goto my account-->Click on Login.. 
14:38:24.707 [main] INFO  - Goto my account-->Click on Login.. 
14:42:50.258 [main] INFO  - Goto my account-->Click on Login.. 
14:42:51.394 [main] DEBUG - Parsing relationship: /xl/_rels/workbook.xml.rels
14:42:51.394 [main] DEBUG - Parsing relationship: /xl/worksheets/_rels/sheet1.xml.rels
14:42:51.394 [main] DEBUG - Parsing relationship: /_rels/.rels
14:42:51.823 [main] TRACE - Loading type system org.apache.poi.schemas.ooxml.system.ooxml
14:42:51.825 [main] TRACE - Loading type system org.apache.xmlbeans.metadata.system.sXMLCONFIG
14:42:51.825 [main] TRACE - Loading type system org.apache.xmlbeans.metadata.system.sXMLLANG
14:42:51.825 [main] TRACE - Loading type system org.apache.xmlbeans.metadata.system.sXMLSCHEMA
14:42:51.825 [main] TRACE - Loading type system org.apache.xmlbeans.metadata.system.sXMLTOOLS
14:42:51.838 [main] TRACE - Reading unresolved handles for type system org.apache.xmlbeans.metadata.system.sXMLTOOLS
14:42:51.871 [main] TRACE - Finished loading type system org.apache.xmlbeans.metadata.system.sXMLTOOLS
14:42:51.872 [main] TRACE - Reading unresolved handles for type system org.apache.xmlbeans.metadata.system.sXMLSCHEMA
14:42:51.878 [main] TRACE - Finished loading type system org.apache.xmlbeans.metadata.system.sXMLSCHEMA
14:42:51.878 [main] TRACE - Reading unresolved handles for type system org.apache.xmlbeans.metadata.system.sXMLLANG
14:42:51.882 [main] TRACE - Finished loading type system org.apache.xmlbeans.metadata.system.sXMLLANG
14:42:51.883 [main] TRACE - Reading unresolved handles for type system org.apache.xmlbeans.metadata.system.sXMLCONFIG
14:42:51.888 [main] TRACE - Finished loading type system org.apache.xmlbeans.metadata.system.sXMLCONFIG
14:42:51.890 [main] TRACE - Reading unresolved handles for type system org.apache.poi.schemas.ooxml.system.ooxml
14:42:52.095 [main] TRACE - Finished loading type system org.apache.poi.schemas.ooxml.system.ooxml
14:42:52.095 [main] TRACE - Resolving type for handle themefd26doctype
14:42:52.198 [main] TRACE - Resolving type for handle stylesheet5d8bdoctype
14:42:52.221 [main] TRACE - Resolving type for handle ctstylesheet4257type
14:42:52.229 [main] TRACE - Resolving type for handle ctfonts6623type
14:42:52.238 [main] TRACE - Resolving type for handle ctfont14d8type
14:42:52.252 [main] TRACE - Resolving type for handle ctfills2c6ftype
14:42:52.252 [main] TRACE - Resolving type for handle ctfill550ctype
14:42:52.260 [main] TRACE - Resolving type for handle ctborders0d66type
14:42:52.260 [main] TRACE - Resolving type for handle ctborderf935type
14:42:52.269 [main] TRACE - Resolving type for handle ctcellxfs1322type
14:42:52.277 [main] TRACE - Resolving type for handle ctxf97f7type
14:42:52.287 [main] TRACE - Resolving type for handle ctcellstylexfsa81ftype
14:42:52.298 [main] TRACE - Resolving type for handle ctdxfsb26atype
14:42:52.303 [main] TRACE - Resolving type for handle cttablestyles872ftype
14:42:52.311 [main] TRACE - Resolving type for handle sstf81fdoctype
14:42:52.407 [main] TRACE - Resolving type for handle ctsst44f3type
14:42:52.418 [main] TRACE - Resolving type for handle ctrsta472type
14:42:52.475 [main] DEBUG - using default POIXMLDocumentPart for http://schemas.openxmlformats.org/officeDocument/2006/relationships/printerSettings
14:42:52.477 [main] TRACE - Resolving type for handle workbookec17doctype
14:42:52.488 [main] TRACE - Resolving type for handle ctworkbook83c3type
14:42:52.501 [main] TRACE - Resolving type for handle ctsheets49fdtype
14:42:52.503 [main] TRACE - Resolving type for handle ctsheet4dbetype
14:42:52.513 [main] TRACE - Resolving type for handle strelationshipid1e94type
14:42:52.513 [main] TRACE - Resolving type for handle worksheetf539doctype
14:42:52.533 [main] TRACE - Resolving type for handle ctworksheet530dtype
14:42:52.549 [main] TRACE - Resolving type for handle ctcols627ctype
14:42:52.561 [main] TRACE - Resolving type for handle ctcola95ftype
14:42:52.594 [main] TRACE - Resolving type for handle ctsheetdata8408type
14:42:52.597 [main] TRACE - Resolving type for handle ctrowdd39type
14:42:52.608 [main] TRACE - Resolving type for handle ctcell842btype
14:42:52.615 [main] TRACE - Resolving type for handle stcellrefe4e0type
14:42:52.631 [main] TRACE - Resolving type for handle cthyperlinks6416type
14:42:52.638 [main] TRACE - Resolving type for handle cthyperlink0c85type
14:42:52.640 [main] TRACE - Resolving type for handle stxstringf179type
14:42:52.653 [main] TRACE - Resolving type for handle stcelltypebf95type
14:43:09.292 [main] INFO  - Goto my account-->Click on Login.. 
14:43:10.162 [main] DEBUG - Parsing relationship: /xl/_rels/workbook.xml.rels
14:43:10.173 [main] DEBUG - Parsing relationship: /xl/worksheets/_rels/sheet1.xml.rels
14:43:10.175 [main] DEBUG - Parsing relationship: /_rels/.rels
14:43:10.271 [main] DEBUG - using default POIXMLDocumentPart for http://schemas.openxmlformats.org/officeDocument/2006/relationships/printerSettings
14:43:26.582 [main] INFO  - Goto my account-->Click on Login.. 
14:43:27.232 [main] DEBUG - Parsing relationship: /xl/_rels/workbook.xml.rels
14:43:27.238 [main] DEBUG - Parsing relationship: /xl/worksheets/_rels/sheet1.xml.rels
14:43:27.240 [main] DEBUG - Parsing relationship: /_rels/.rels
14:43:27.274 [main] DEBUG - using default POIXMLDocumentPart for http://schemas.openxmlformats.org/officeDocument/2006/relationships/printerSettings
14:43:43.402 [main] INFO  - Goto my account-->Click on Login.. 
14:43:44.067 [main] DEBUG - Parsing relationship: /xl/_rels/workbook.xml.rels
14:43:44.072 [main] DEBUG - Parsing relationship: /xl/worksheets/_rels/sheet1.xml.rels
14:43:44.072 [main] DEBUG - Parsing relationship: /_rels/.rels
14:43:44.108 [main] DEBUG - using default POIXMLDocumentPart for http://schemas.openxmlformats.org/officeDocument/2006/relationships/printerSettings
14:44:00.434 [main] INFO  - Goto my account-->Click on Login.. 
14:44:01.294 [main] DEBUG - Parsing relationship: /xl/_rels/workbook.xml.rels
14:44:01.309 [main] DEBUG - Parsing relationship: /xl/worksheets/_rels/sheet1.xml.rels
14:44:01.310 [main] DEBUG - Parsing relationship: /_rels/.rels
14:44:01.436 [main] DEBUG - using default POIXMLDocumentPart for http://schemas.openxmlformats.org/officeDocument/2006/relationships/printerSettings
18:59:27.164 [main] INFO  - Goto my account-->Click on Login.. 
18:59:27.882 [main] INFO  - Entering email and password.. 
18:59:28.715 [main] INFO  - clicked on login button...
19:12:55.503 [main] INFO  - Goto my account-->Click on Login.. 
19:12:56.184 [main] INFO  - Entering email and password.. 
19:12:56.629 [main] INFO  - clicked on login button...
19:24:21.283 [main] INFO  - Goto my account-->Click on Login.. 
19:24:21.996 [main] INFO  - Entering email and password.. 
19:24:23.157 [main] INFO  - clicked on login button...
19:32:02.470 [main] INFO  - Goto my account-->Click on Login.. 
19:32:03.493 [main] INFO  - Entering email and password.. 
19:32:03.886 [main] INFO  - clicked on login button...
19:50:17.635 [main] INFO  - Goto my account-->Click on Login.. 
19:50:18.431 [main] INFO  - Entering email and password.. 
19:50:19.479 [main] INFO  - clicked on login button...
19:54:39.057 [main] INFO  - Goto my account-->Click on Login.. 
19:54:39.594 [main] INFO  - Entering email and password.. 
19:54:40.053 [main] INFO  - clicked on login button...
13:41:38.320 [main] INFO  - Goto my account-->Click on Login.. 
13:41:39.015 [main] INFO  - Entering email and password.. 
13:41:40.129 [main] INFO  - clicked on login button...
